2020-04-13 16:32:30.368  INFO 18228 --- [restartedMain] com.ltao.pmai.PmaiApplication            : Starting PmaiApplication on DESKTOP-5GV6QTQ with PID 18228 (F:\Ideawork\npmai\target\classes started by LTKKS in F:\Ideawork\npmai)
2020-04-13 16:32:30.373  INFO 18228 --- [restartedMain] com.ltao.pmai.PmaiApplication            : The following profiles are active: dev
2020-04-13 16:32:30.446  INFO 18228 --- [restartedMain] .e.DevToolsPropertyDefaultsPostProcessor : Devtools property defaults active! Set 'spring.devtools.add-properties' to 'false' to disable
2020-04-13 16:32:30.446  INFO 18228 --- [restartedMain] .e.DevToolsPropertyDefaultsPostProcessor : For additional web related logging consider setting the 'logging.level.web' property to 'DEBUG'
2020-04-13 16:32:32.028  INFO 18228 --- [restartedMain] o.s.b.w.embedded.tomcat.TomcatWebServer  : Tomcat initialized with port(s): 8888 (http)
2020-04-13 16:32:32.040  INFO 18228 --- [restartedMain] o.apache.catalina.core.StandardService   : Starting service [Tomcat]
2020-04-13 16:32:32.040  INFO 18228 --- [restartedMain] org.apache.catalina.core.StandardEngine  : Starting Servlet engine: [Apache Tomcat/9.0.33]
2020-04-13 16:32:32.147  INFO 18228 --- [restartedMain] o.a.c.c.C.[Tomcat].[localhost].[/]       : Initializing Spring embedded WebApplicationContext
2020-04-13 16:32:32.147  INFO 18228 --- [restartedMain] o.s.web.context.ContextLoader            : Root WebApplicationContext: initialization completed in 1699 ms
2020-04-13 16:32:32.929  INFO 18228 --- [restartedMain] o.s.s.concurrent.ThreadPoolTaskExecutor  : Initializing ExecutorService 'applicationTaskExecutor'
2020-04-13 16:32:33.142  INFO 18228 --- [restartedMain] o.s.b.d.a.OptionalLiveReloadServer       : LiveReload server is running on port 35729
2020-04-13 16:32:33.187  INFO 18228 --- [restartedMain] o.s.b.w.embedded.tomcat.TomcatWebServer  : Tomcat started on port(s): 8888 (http) with context path ''
2020-04-13 16:32:33.192  INFO 18228 --- [restartedMain] com.ltao.pmai.PmaiApplication            : Started PmaiApplication in 3.831 seconds (JVM running for 5.547)
2020-04-13 16:33:46.092  INFO 18228 --- [Thread-14] o.s.s.concurrent.ThreadPoolTaskExecutor  : Shutting down ExecutorService 'applicationTaskExecutor'
2020-04-13 16:33:46.879  INFO 18228 --- [restartedMain] com.ltao.pmai.PmaiApplication            : Starting PmaiApplication on DESKTOP-5GV6QTQ with PID 18228 (F:\Ideawork\npmai\target\classes started by LTKKS in F:\Ideawork\npmai)
2020-04-13 16:33:46.879  INFO 18228 --- [restartedMain] com.ltao.pmai.PmaiApplication            : The following profiles are active: dev
2020-04-13 16:33:47.569  INFO 18228 --- [restartedMain] o.s.b.w.embedded.tomcat.TomcatWebServer  : Tomcat initialized with port(s): 8888 (http)
2020-04-13 16:33:47.570  INFO 18228 --- [restartedMain] o.apache.catalina.core.StandardService   : Starting service [Tomcat]
2020-04-13 16:33:47.570  INFO 18228 --- [restartedMain] org.apache.catalina.core.StandardEngine  : Starting Servlet engine: [Apache Tomcat/9.0.33]
2020-04-13 16:33:47.599  INFO 18228 --- [restartedMain] o.a.c.c.C.[Tomcat].[localhost].[/]       : Initializing Spring embedded WebApplicationContext
2020-04-13 16:33:47.599  INFO 18228 --- [restartedMain] o.s.web.context.ContextLoader            : Root WebApplicationContext: initialization completed in 714 ms
2020-04-13 16:33:47.890  INFO 18228 --- [restartedMain] o.s.s.concurrent.ThreadPoolTaskExecutor  : Initializing ExecutorService 'applicationTaskExecutor'
2020-04-13 16:33:48.011  INFO 18228 --- [restartedMain] o.s.b.d.a.OptionalLiveReloadServer       : LiveReload server is running on port 35729
2020-04-13 16:33:48.047  INFO 18228 --- [restartedMain] o.s.b.w.embedded.tomcat.TomcatWebServer  : Tomcat started on port(s): 8888 (http) with context path ''
2020-04-13 16:33:48.047  INFO 18228 --- [restartedMain] com.ltao.pmai.PmaiApplication            : Started PmaiApplication in 1.216 seconds (JVM running for 80.402)
2020-04-13 16:33:48.050  INFO 18228 --- [restartedMain] .ConditionEvaluationDeltaLoggingListener : Condition evaluation unchanged
2020-04-13 16:34:31.709  INFO 18228 --- [Thread-21] o.s.s.concurrent.ThreadPoolTaskExecutor  : Shutting down ExecutorService 'applicationTaskExecutor'
2020-04-13 16:35:28.494  INFO 18228 --- [restartedMain] com.ltao.pmai.PmaiApplication            : Starting PmaiApplication on DESKTOP-5GV6QTQ with PID 18228 (F:\Ideawork\npmai\target\classes started by LTKKS in F:\Ideawork\npmai)
2020-04-13 16:35:28.494  INFO 18228 --- [restartedMain] com.ltao.pmai.PmaiApplication            : The following profiles are active: dev
2020-04-13 16:35:28.859  INFO 18228 --- [restartedMain] o.s.b.w.embedded.tomcat.TomcatWebServer  : Tomcat initialized with port(s): 8888 (http)
2020-04-13 16:35:28.859  INFO 18228 --- [restartedMain] o.apache.catalina.core.StandardService   : Starting service [Tomcat]
2020-04-13 16:35:28.860  INFO 18228 --- [restartedMain] org.apache.catalina.core.StandardEngine  : Starting Servlet engine: [Apache Tomcat/9.0.33]
2020-04-13 16:35:28.875  INFO 18228 --- [restartedMain] o.a.c.c.C.[Tomcat].[localhost].[/]       : Initializing Spring embedded WebApplicationContext
2020-04-13 16:35:28.875  INFO 18228 --- [restartedMain] o.s.web.context.ContextLoader            : Root WebApplicationContext: initialization completed in 378 ms
2020-04-13 16:35:28.983  INFO 18228 --- [restartedMain] o.s.s.concurrent.ThreadPoolTaskExecutor  : Initializing ExecutorService 'applicationTaskExecutor'
2020-04-13 16:35:29.104  INFO 18228 --- [restartedMain] o.s.b.d.a.OptionalLiveReloadServer       : LiveReload server is running on port 35729
2020-04-13 16:35:29.126  INFO 18228 --- [restartedMain] o.s.b.w.embedded.tomcat.TomcatWebServer  : Tomcat started on port(s): 8888 (http) with context path ''
2020-04-13 16:35:29.127  INFO 18228 --- [restartedMain] com.ltao.pmai.PmaiApplication            : Started PmaiApplication in 0.669 seconds (JVM running for 181.483)
2020-04-13 16:35:29.130  INFO 18228 --- [restartedMain] .ConditionEvaluationDeltaLoggingListener : Condition evaluation unchanged
2020-04-13 16:35:33.616  INFO 18228 --- [Thread-31] o.s.s.concurrent.ThreadPoolTaskExecutor  : Shutting down ExecutorService 'applicationTaskExecutor'
2020-04-13 16:35:34.059  INFO 18228 --- [restartedMain] com.ltao.pmai.PmaiApplication            : Starting PmaiApplication on DESKTOP-5GV6QTQ with PID 18228 (F:\Ideawork\npmai\target\classes started by LTKKS in F:\Ideawork\npmai)
2020-04-13 16:35:34.059  INFO 18228 --- [restartedMain] com.ltao.pmai.PmaiApplication            : The following profiles are active: dev
2020-04-13 16:35:34.423  INFO 18228 --- [restartedMain] o.s.b.w.embedded.tomcat.TomcatWebServer  : Tomcat initialized with port(s): 8888 (http)
2020-04-13 16:35:34.424  INFO 18228 --- [restartedMain] o.apache.catalina.core.StandardService   : Starting service [Tomcat]
2020-04-13 16:35:34.424  INFO 18228 --- [restartedMain] org.apache.catalina.core.StandardEngine  : Starting Servlet engine: [Apache Tomcat/9.0.33]
2020-04-13 16:35:34.443  INFO 18228 --- [restartedMain] o.a.c.c.C.[Tomcat].[localhost].[/]       : Initializing Spring embedded WebApplicationContext
2020-04-13 16:35:34.443  INFO 18228 --- [restartedMain] o.s.web.context.ContextLoader            : Root WebApplicationContext: initialization completed in 380 ms
2020-04-13 16:35:34.539  INFO 18228 --- [restartedMain] o.s.s.concurrent.ThreadPoolTaskExecutor  : Initializing ExecutorService 'applicationTaskExecutor'
2020-04-13 16:35:34.628  INFO 18228 --- [restartedMain] o.s.b.d.a.OptionalLiveReloadServer       : LiveReload server is running on port 35729
2020-04-13 16:35:34.642  INFO 18228 --- [restartedMain] o.s.b.w.embedded.tomcat.TomcatWebServer  : Tomcat started on port(s): 8888 (http) with context path ''
2020-04-13 16:35:34.643  INFO 18228 --- [restartedMain] com.ltao.pmai.PmaiApplication            : Started PmaiApplication in 0.617 seconds (JVM running for 186.997)
2020-04-13 16:35:34.644  INFO 18228 --- [restartedMain] .ConditionEvaluationDeltaLoggingListener : Condition evaluation unchanged
2020-04-13 16:35:38.270  INFO 18228 --- [Thread-36] o.s.s.concurrent.ThreadPoolTaskExecutor  : Shutting down ExecutorService 'applicationTaskExecutor'
2020-04-13 16:35:38.884  INFO 18228 --- [restartedMain] com.ltao.pmai.PmaiApplication            : Starting PmaiApplication on DESKTOP-5GV6QTQ with PID 18228 (F:\Ideawork\npmai\target\classes started by LTKKS in F:\Ideawork\npmai)
2020-04-13 16:35:38.884  INFO 18228 --- [restartedMain] com.ltao.pmai.PmaiApplication            : The following profiles are active: dev
2020-04-13 16:35:39.283  INFO 18228 --- [restartedMain] o.s.b.w.embedded.tomcat.TomcatWebServer  : Tomcat initialized with port(s): 8888 (http)
2020-04-13 16:35:39.284  INFO 18228 --- [restartedMain] o.apache.catalina.core.StandardService   : Starting service [Tomcat]
2020-04-13 16:35:39.284  INFO 18228 --- [restartedMain] org.apache.catalina.core.StandardEngine  : Starting Servlet engine: [Apache Tomcat/9.0.33]
2020-04-13 16:35:39.299  INFO 18228 --- [restartedMain] o.a.c.c.C.[Tomcat].[localhost].[/]       : Initializing Spring embedded WebApplicationContext
2020-04-13 16:35:39.299  INFO 18228 --- [restartedMain] o.s.web.context.ContextLoader            : Root WebApplicationContext: initialization completed in 412 ms
2020-04-13 16:35:39.377  INFO 18228 --- [restartedMain] o.s.s.concurrent.ThreadPoolTaskExecutor  : Initializing ExecutorService 'applicationTaskExecutor'
2020-04-13 16:35:39.498  INFO 18228 --- [restartedMain] o.s.b.d.a.OptionalLiveReloadServer       : LiveReload server is running on port 35729
2020-04-13 16:35:39.510  INFO 18228 --- [restartedMain] o.s.b.w.embedded.tomcat.TomcatWebServer  : Tomcat started on port(s): 8888 (http) with context path ''
2020-04-13 16:35:39.510  INFO 18228 --- [restartedMain] com.ltao.pmai.PmaiApplication            : Started PmaiApplication in 0.665 seconds (JVM running for 191.865)
2020-04-13 16:35:39.512  INFO 18228 --- [restartedMain] .ConditionEvaluationDeltaLoggingListener : Condition evaluation unchanged
2020-04-13 16:36:23.059  INFO 8868 --- [restartedMain] com.ltao.pmai.PmaiApplication            : Starting PmaiApplication on DESKTOP-5GV6QTQ with PID 8868 (F:\Ideawork\npmai\target\classes started by LTKKS in F:\Ideawork\npmai)
2020-04-13 16:36:23.063  INFO 8868 --- [restartedMain] com.ltao.pmai.PmaiApplication            : The following profiles are active: dev
2020-04-13 16:36:23.164  INFO 8868 --- [restartedMain] .e.DevToolsPropertyDefaultsPostProcessor : Devtools property defaults active! Set 'spring.devtools.add-properties' to 'false' to disable
2020-04-13 16:36:23.164  INFO 8868 --- [restartedMain] .e.DevToolsPropertyDefaultsPostProcessor : For additional web related logging consider setting the 'logging.level.web' property to 'DEBUG'
2020-04-13 16:36:24.723  INFO 8868 --- [restartedMain] o.s.b.w.embedded.tomcat.TomcatWebServer  : Tomcat initialized with port(s): 8888 (http)
2020-04-13 16:36:24.732  INFO 8868 --- [restartedMain] o.apache.catalina.core.StandardService   : Starting service [Tomcat]
2020-04-13 16:36:24.732  INFO 8868 --- [restartedMain] org.apache.catalina.core.StandardEngine  : Starting Servlet engine: [Apache Tomcat/9.0.33]
2020-04-13 16:36:24.827  INFO 8868 --- [restartedMain] o.a.c.c.C.[Tomcat].[localhost].[/]       : Initializing Spring embedded WebApplicationContext
2020-04-13 16:36:24.828  INFO 8868 --- [restartedMain] o.s.web.context.ContextLoader            : Root WebApplicationContext: initialization completed in 1663 ms
2020-04-13 16:36:25.391  INFO 8868 --- [restartedMain] o.s.s.concurrent.ThreadPoolTaskExecutor  : Initializing ExecutorService 'applicationTaskExecutor'
2020-04-13 16:36:25.568  INFO 8868 --- [restartedMain] o.s.b.d.a.OptionalLiveReloadServer       : LiveReload server is running on port 35729
2020-04-13 16:36:25.614  INFO 8868 --- [restartedMain] o.s.b.w.embedded.tomcat.TomcatWebServer  : Tomcat started on port(s): 8888 (http) with context path ''
2020-04-13 16:36:25.617  INFO 8868 --- [restartedMain] com.ltao.pmai.PmaiApplication            : Started PmaiApplication in 3.217 seconds (JVM running for 4.659)
